<?xml version="1.0" encoding="UTF-8"?>
<testng-results ignored="0" total="1" passed="1" failed="0" skipped="0">
  <reporter-output>
    <line>
      <![CDATA[Execution in local system]]>
    </line>
    <line>
      <![CDATA[Browser is: chrome]]>
    </line>
    <line>
      <![CDATA[HomePage is Displayed]]>
    </line>
  </reporter-output>
  <suite started-at="2023-05-13T19:22:28 IST" name="Default suite" finished-at="2023-05-13T19:23:01 IST" duration-ms="33034">
    <groups>
    </groups>
    <test started-at="2023-05-13T19:22:28 IST" name="Default test" finished-at="2023-05-13T19:23:01 IST" duration-ms="33034">
      <class name="script.ValidLogin">
        <test-method is-config="true" signature="preCondition(java.lang.String,java.lang.String,java.lang.String)[pri:0, instance:script.ValidLogin@23c30a20]" started-at="2023-05-13T19:22:28 IST" name="preCondition" finished-at="2023-05-13T19:22:52 IST" duration-ms="23982" status="PASS">
          <params>
            <param index="0">
              <value>
                <![CDATA[https://demo.actitime.com/login.do]]>
              </value>
            </param>
            <param index="1">
              <value>
                <![CDATA[no]]>
              </value>
            </param>
            <param index="2">
              <value>
                <![CDATA[chrome]]>
              </value>
            </param>
          </params>
          <reporter-output>
            <line>
              <![CDATA[Execution in local system]]>
            </line>
            <line>
              <![CDATA[Browser is: chrome]]>
            </line>
          </reporter-output>
        </test-method> <!-- preCondition -->
        <test-method signature="testValidLogin()[pri:1, instance:script.ValidLogin@23c30a20]" started-at="2023-05-13T19:22:52 IST" name="testValidLogin" finished-at="2023-05-13T19:22:59 IST" duration-ms="6283" status="PASS">
          <reporter-output>
            <line>
              <![CDATA[HomePage is Displayed]]>
            </line>
          </reporter-output>
        </test-method> <!-- testValidLogin -->
        <test-method is-config="true" signature="postCondition()[pri:0, instance:script.ValidLogin@23c30a20]" started-at="2023-05-13T19:22:59 IST" name="postCondition" finished-at="2023-05-13T19:23:01 IST" duration-ms="2685" status="PASS">
          <reporter-output>
          </reporter-output>
        </test-method> <!-- postCondition -->
      </class> <!-- script.ValidLogin -->
    </test> <!-- Default test -->
  </suite> <!-- Default suite -->
</testng-results>
